2022-06-06 18:15:01 INFO  Tester:52 - The method is [run],now start to run the scripts in the path[cases/database].
2022-06-06 18:15:01 INFO  Executor:25 - Now start to run the file[cases/database/create_database.test]....................................................
2022-06-06 18:15:01 ERROR Executor:46 - The mo-tester can not get valid conneciton from mo,will wait 30 seconds,and retry one time ...
2022-06-06 18:15:59 INFO  Tester:52 - The method is [run],now start to run the scripts in the path[cases/database].
2022-06-06 18:15:59 INFO  Executor:25 - Now start to run the file[cases/database/create_database.test]....................................................
2022-06-06 18:15:59 ERROR Executor:46 - The mo-tester can not get valid conneciton from mo,will wait 30 seconds,and retry one time ...
2022-06-06 18:16:29 ERROR Executor:55 - The mo-tester still can not get valid conneciton from mo,the following cases wil not be executed!
2022-06-06 18:16:29 ERROR Executor:29 - No valid connnection,please check the config..
2022-06-06 18:16:29 ERROR Executor:69 - No valid connnection,please check the config..
2022-06-06 18:16:29 ERROR Executor:71 - The connection has been lost,please check the logs .
2022-06-06 18:16:29 ERROR Executor:81 - [cases/database/create_database.test][drop database if exists test01;] is executed failed
2022-06-06 18:16:29 ERROR Executor:82 - [EXPECT RESULT]:
null
2022-06-06 18:16:29 ERROR Executor:83 - [ACTUAL RESULT]:
The connection has been lost becuase of unknown reason.
2022-06-06 18:16:29 ERROR Executor:69 - No valid connnection,please check the config..
2022-06-06 18:16:29 ERROR Executor:71 - The connection has been lost,please check the logs .
2022-06-06 18:16:29 ERROR Executor:81 - [cases/database/create_database.test][drop database if exists test03;] is executed failed
2022-06-06 18:16:29 ERROR Executor:82 - [EXPECT RESULT]:
null
2022-06-06 18:16:29 ERROR Executor:83 - [ACTUAL RESULT]:
The connection has been lost becuase of unknown reason.
2022-06-06 18:16:29 ERROR Executor:69 - No valid connnection,please check the config..
2022-06-06 18:16:29 ERROR Executor:71 - The connection has been lost,please check the logs .
2022-06-06 18:16:29 ERROR Executor:81 - [cases/database/create_database.test][drop database if exists test04;] is executed failed
2022-06-06 18:16:29 ERROR Executor:82 - [EXPECT RESULT]:
null
2022-06-06 18:16:29 ERROR Executor:83 - [ACTUAL RESULT]:
The connection has been lost becuase of unknown reason.
2022-06-06 18:16:29 ERROR Executor:69 - No valid connnection,please check the config..
2022-06-06 18:16:29 ERROR Executor:71 - The connection has been lost,please check the logs .
2022-06-06 18:16:29 ERROR Executor:81 - [cases/database/create_database.test][drop database if exists test05;] is executed failed
2022-06-06 18:16:29 ERROR Executor:82 - [EXPECT RESULT]:
null
2022-06-06 18:16:29 ERROR Executor:83 - [ACTUAL RESULT]:
The connection has been lost becuase of unknown reason.
2022-06-06 18:16:29 ERROR Executor:69 - No valid connnection,please check the config..
2022-06-06 18:16:29 ERROR Executor:71 - The connection has been lost,please check the logs .
2022-06-06 18:16:29 ERROR Executor:81 - [cases/database/create_database.test][drop database if exists `测试数据库`;] is executed failed
2022-06-06 18:16:29 ERROR Executor:82 - [EXPECT RESULT]:
null
2022-06-06 18:16:29 ERROR Executor:83 - [ACTUAL RESULT]:
The connection has been lost becuase of unknown reason.
2022-06-06 18:16:29 ERROR Executor:69 - No valid connnection,please check the config..
2022-06-06 18:16:29 ERROR Executor:71 - The connection has been lost,please check the logs .
2022-06-06 18:16:29 ERROR Executor:81 - [cases/database/create_database.test][drop database if exists t01234567890123456789012345678901234567890123456789012345678901234567890123456789;] is executed failed
2022-06-06 18:16:29 ERROR Executor:82 - [EXPECT RESULT]:
null
2022-06-06 18:16:29 ERROR Executor:83 - [ACTUAL RESULT]:
The connection has been lost becuase of unknown reason.
2022-06-06 18:16:29 ERROR Executor:69 - No valid connnection,please check the config..
2022-06-06 18:16:29 ERROR Executor:71 - The connection has been lost,please check the logs .
2022-06-06 18:16:29 ERROR Executor:81 - [cases/database/create_database.test][create database test01;] is executed failed
2022-06-06 18:16:29 ERROR Executor:82 - [EXPECT RESULT]:
null
2022-06-06 18:16:29 ERROR Executor:83 - [ACTUAL RESULT]:
The connection has been lost becuase of unknown reason.
2022-06-06 18:16:29 ERROR Executor:69 - No valid connnection,please check the config..
2022-06-06 18:16:29 ERROR Executor:71 - The connection has been lost,please check the logs .
2022-06-06 18:16:29 ERROR Executor:81 - [cases/database/create_database.test][create database IF NOT EXISTS test01;] is executed failed
2022-06-06 18:16:29 ERROR Executor:82 - [EXPECT RESULT]:
null
2022-06-06 18:16:29 ERROR Executor:83 - [ACTUAL RESULT]:
The connection has been lost becuase of unknown reason.
2022-06-06 18:16:29 ERROR Executor:69 - No valid connnection,please check the config..
2022-06-06 18:16:29 ERROR Executor:71 - The connection has been lost,please check the logs .
2022-06-06 18:16:29 ERROR Executor:81 - [cases/database/create_database.test][create database `测试数据库`;] is executed failed
2022-06-06 18:16:29 ERROR Executor:82 - [EXPECT RESULT]:
null
2022-06-06 18:16:29 ERROR Executor:83 - [ACTUAL RESULT]:
The connection has been lost becuase of unknown reason.
2022-06-06 18:16:29 ERROR Executor:69 - No valid connnection,please check the config..
2022-06-06 18:16:29 ERROR Executor:71 - The connection has been lost,please check the logs .
2022-06-06 18:16:29 ERROR Executor:81 - [cases/database/create_database.test][create database test03 default character set utf8 collate utf8_general_ci encryption 'Y';] is executed failed
2022-06-06 18:16:29 ERROR Executor:82 - [EXPECT RESULT]:
null
2022-06-06 18:16:29 ERROR Executor:83 - [ACTUAL RESULT]:
The connection has been lost becuase of unknown reason.
2022-06-06 18:16:29 ERROR Executor:69 - No valid connnection,please check the config..
2022-06-06 18:16:29 ERROR Executor:71 - The connection has been lost,please check the logs .
2022-06-06 18:16:29 ERROR Executor:81 - [cases/database/create_database.test][create database test04 character set=utf8 collate=utf8_general_ci encryption='N';] is executed failed
2022-06-06 18:16:29 ERROR Executor:82 - [EXPECT RESULT]:
null
2022-06-06 18:16:29 ERROR Executor:83 - [ACTUAL RESULT]:
The connection has been lost becuase of unknown reason.
2022-06-06 18:16:29 ERROR Executor:69 - No valid connnection,please check the config..
2022-06-06 18:16:29 ERROR Executor:71 - The connection has been lost,please check the logs .
2022-06-06 18:16:29 ERROR Executor:81 - [cases/database/create_database.test][create database t01234567890123456789012345678901234567890123456789012345678901234567890123456789;] is executed failed
2022-06-06 18:16:29 ERROR Executor:82 - [EXPECT RESULT]:
null
2022-06-06 18:16:29 ERROR Executor:83 - [ACTUAL RESULT]:
The connection has been lost becuase of unknown reason.
2022-06-06 18:16:29 ERROR Executor:69 - No valid connnection,please check the config..
2022-06-06 18:16:29 ERROR Executor:71 - The connection has been lost,please check the logs .
2022-06-06 18:16:29 ERROR Executor:81 - [cases/database/create_database.test][show databases;] is executed failed
2022-06-06 18:16:29 ERROR Executor:82 - [EXPECT RESULT]:
null
2022-06-06 18:16:29 ERROR Executor:83 - [ACTUAL RESULT]:
The connection has been lost becuase of unknown reason.
2022-06-06 18:16:29 ERROR Executor:69 - No valid connnection,please check the config..
2022-06-06 18:16:29 ERROR Executor:71 - The connection has been lost,please check the logs .
2022-06-06 18:16:29 ERROR Executor:81 - [cases/database/create_database.test][drop database if exists test01;] is executed failed
2022-06-06 18:16:29 ERROR Executor:82 - [EXPECT RESULT]:
null
2022-06-06 18:16:29 ERROR Executor:83 - [ACTUAL RESULT]:
The connection has been lost becuase of unknown reason.
2022-06-06 18:16:29 ERROR Executor:69 - No valid connnection,please check the config..
2022-06-06 18:16:29 ERROR Executor:71 - The connection has been lost,please check the logs .
2022-06-06 18:16:29 ERROR Executor:81 - [cases/database/create_database.test][drop database if exists test03;] is executed failed
2022-06-06 18:16:29 ERROR Executor:82 - [EXPECT RESULT]:
null
2022-06-06 18:16:29 ERROR Executor:83 - [ACTUAL RESULT]:
The connection has been lost becuase of unknown reason.
2022-06-06 18:16:29 ERROR Executor:69 - No valid connnection,please check the config..
2022-06-06 18:16:29 ERROR Executor:71 - The connection has been lost,please check the logs .
2022-06-06 18:16:29 ERROR Executor:81 - [cases/database/create_database.test][drop database if exists test04;] is executed failed
2022-06-06 18:16:29 ERROR Executor:82 - [EXPECT RESULT]:
null
2022-06-06 18:16:29 ERROR Executor:83 - [ACTUAL RESULT]:
The connection has been lost becuase of unknown reason.
2022-06-06 18:16:29 ERROR Executor:69 - No valid connnection,please check the config..
2022-06-06 18:16:29 ERROR Executor:71 - The connection has been lost,please check the logs .
2022-06-06 18:16:29 ERROR Executor:81 - [cases/database/create_database.test][drop database if exists test05;] is executed failed
2022-06-06 18:16:29 ERROR Executor:82 - [EXPECT RESULT]:
null
2022-06-06 18:16:29 ERROR Executor:83 - [ACTUAL RESULT]:
The connection has been lost becuase of unknown reason.
2022-06-06 18:16:29 ERROR Executor:69 - No valid connnection,please check the config..
2022-06-06 18:16:29 ERROR Executor:71 - The connection has been lost,please check the logs .
2022-06-06 18:16:29 ERROR Executor:81 - [cases/database/create_database.test][drop database if exists `测试数据库`;] is executed failed
2022-06-06 18:16:29 ERROR Executor:82 - [EXPECT RESULT]:
null
2022-06-06 18:16:29 ERROR Executor:83 - [ACTUAL RESULT]:
The connection has been lost becuase of unknown reason.
2022-06-06 18:16:29 ERROR Executor:69 - No valid connnection,please check the config..
2022-06-06 18:16:29 ERROR Executor:71 - The connection has been lost,please check the logs .
2022-06-06 18:16:29 ERROR Executor:81 - [cases/database/create_database.test][drop database if exists t01234567890123456789012345678901234567890123456789012345678901234567890123456789;] is executed failed
2022-06-06 18:16:29 ERROR Executor:82 - [EXPECT RESULT]:
null
2022-06-06 18:16:29 ERROR Executor:83 - [ACTUAL RESULT]:
The connection has been lost becuase of unknown reason.
2022-06-06 18:16:29 INFO  Executor:25 - Now start to run the file[cases/database/drop_database.test]....................................................
2022-06-06 18:16:29 ERROR Executor:29 - No valid connnection,please check the config..
2022-06-06 18:16:29 ERROR Executor:69 - No valid connnection,please check the config..
2022-06-06 18:16:29 ERROR Executor:71 - The connection has been lost,please check the logs .
2022-06-06 18:16:29 ERROR Executor:81 - [cases/database/drop_database.test][drop database if exists test01;] is executed failed
2022-06-06 18:16:29 ERROR Executor:82 - [EXPECT RESULT]:
null
2022-06-06 18:16:29 ERROR Executor:83 - [ACTUAL RESULT]:
The connection has been lost becuase of unknown reason.
2022-06-06 18:16:29 ERROR Executor:69 - No valid connnection,please check the config..
2022-06-06 18:16:29 ERROR Executor:71 - The connection has been lost,please check the logs .
2022-06-06 18:16:29 ERROR Executor:81 - [cases/database/drop_database.test][drop database if exists drop_database;] is executed failed
2022-06-06 18:16:29 ERROR Executor:82 - [EXPECT RESULT]:
null
2022-06-06 18:16:29 ERROR Executor:83 - [ACTUAL RESULT]:
The connection has been lost becuase of unknown reason.
2022-06-06 18:16:29 ERROR Executor:69 - No valid connnection,please check the config..
2022-06-06 18:16:29 ERROR Executor:71 - The connection has been lost,please check the logs .
2022-06-06 18:16:29 ERROR Executor:81 - [cases/database/drop_database.test][create database test01;] is executed failed
2022-06-06 18:16:29 ERROR Executor:82 - [EXPECT RESULT]:
null
2022-06-06 18:16:29 ERROR Executor:83 - [ACTUAL RESULT]:
The connection has been lost becuase of unknown reason.
2022-06-06 18:16:29 ERROR Executor:69 - No valid connnection,please check the config..
2022-06-06 18:16:29 ERROR Executor:71 - The connection has been lost,please check the logs .
2022-06-06 18:16:29 ERROR Executor:81 - [cases/database/drop_database.test][drop database test01;] is executed failed
2022-06-06 18:16:29 ERROR Executor:82 - [EXPECT RESULT]:
null
2022-06-06 18:16:29 ERROR Executor:83 - [ACTUAL RESULT]:
The connection has been lost becuase of unknown reason.
2022-06-06 18:16:29 ERROR Executor:69 - No valid connnection,please check the config..
2022-06-06 18:16:29 ERROR Executor:71 - The connection has been lost,please check the logs .
2022-06-06 18:16:29 ERROR Executor:81 - [cases/database/drop_database.test][show databases;] is executed failed
2022-06-06 18:16:29 ERROR Executor:82 - [EXPECT RESULT]:
null
2022-06-06 18:16:29 ERROR Executor:83 - [ACTUAL RESULT]:
The connection has been lost becuase of unknown reason.
2022-06-06 18:16:29 INFO  Executor:25 - Now start to run the file[cases/database/new_database.test]....................................................
2022-06-06 18:16:29 ERROR Executor:29 - No valid connnection,please check the config..
2022-06-06 18:16:29 ERROR Executor:69 - No valid connnection,please check the config..
2022-06-06 18:16:29 ERROR Executor:71 - The connection has been lost,please check the logs .
2022-06-06 18:16:29 ERROR Executor:81 - [cases/database/new_database.test][drop database if exists test01;] is executed failed
2022-06-06 18:16:29 ERROR Executor:82 - [EXPECT RESULT]:
null
2022-06-06 18:16:29 ERROR Executor:83 - [ACTUAL RESULT]:
The connection has been lost becuase of unknown reason.
2022-06-06 18:16:29 ERROR Executor:69 - No valid connnection,please check the config..
2022-06-06 18:16:29 ERROR Executor:71 - The connection has been lost,please check the logs .
2022-06-06 18:16:29 ERROR Executor:81 - [cases/database/new_database.test][drop database if exists test03;] is executed failed
2022-06-06 18:16:29 ERROR Executor:82 - [EXPECT RESULT]:
null
2022-06-06 18:16:29 ERROR Executor:83 - [ACTUAL RESULT]:
The connection has been lost becuase of unknown reason.
2022-06-06 18:16:29 ERROR Executor:69 - No valid connnection,please check the config..
2022-06-06 18:16:29 ERROR Executor:71 - The connection has been lost,please check the logs .
2022-06-06 18:16:29 ERROR Executor:81 - [cases/database/new_database.test][drop database if exists test04;] is executed failed
2022-06-06 18:16:29 ERROR Executor:82 - [EXPECT RESULT]:
null
2022-06-06 18:16:29 ERROR Executor:83 - [ACTUAL RESULT]:
The connection has been lost becuase of unknown reason.
2022-06-06 18:16:29 ERROR Executor:69 - No valid connnection,please check the config..
2022-06-06 18:16:29 ERROR Executor:71 - The connection has been lost,please check the logs .
2022-06-06 18:16:29 ERROR Executor:81 - [cases/database/new_database.test][drop database if exists test05;] is executed failed
2022-06-06 18:16:29 ERROR Executor:82 - [EXPECT RESULT]:
null
2022-06-06 18:16:29 ERROR Executor:83 - [ACTUAL RESULT]:
The connection has been lost becuase of unknown reason.
2022-06-06 18:16:29 ERROR Executor:69 - No valid connnection,please check the config..
2022-06-06 18:16:29 ERROR Executor:71 - The connection has been lost,please check the logs .
2022-06-06 18:16:29 ERROR Executor:81 - [cases/database/new_database.test][drop database if exists `测试数据库`;] is executed failed
2022-06-06 18:16:29 ERROR Executor:82 - [EXPECT RESULT]:
null
2022-06-06 18:16:29 ERROR Executor:83 - [ACTUAL RESULT]:
The connection has been lost becuase of unknown reason.
2022-06-06 18:16:29 ERROR Executor:69 - No valid connnection,please check the config..
2022-06-06 18:16:29 ERROR Executor:71 - The connection has been lost,please check the logs .
2022-06-06 18:16:29 ERROR Executor:81 - [cases/database/new_database.test][create database test01;] is executed failed
2022-06-06 18:16:29 ERROR Executor:82 - [EXPECT RESULT]:
null
2022-06-06 18:16:29 ERROR Executor:83 - [ACTUAL RESULT]:
The connection has been lost becuase of unknown reason.
2022-06-06 18:16:29 ERROR Executor:69 - No valid connnection,please check the config..
2022-06-06 18:16:29 ERROR Executor:71 - The connection has been lost,please check the logs .
2022-06-06 18:16:29 ERROR Executor:81 - [cases/database/new_database.test][create database IF NOT EXISTS test01;] is executed failed
2022-06-06 18:16:29 ERROR Executor:82 - [EXPECT RESULT]:
null
2022-06-06 18:16:29 ERROR Executor:83 - [ACTUAL RESULT]:
The connection has been lost becuase of unknown reason.
2022-06-06 18:16:29 ERROR Executor:69 - No valid connnection,please check the config..
2022-06-06 18:16:29 ERROR Executor:71 - The connection has been lost,please check the logs .
2022-06-06 18:16:29 ERROR Executor:81 - [cases/database/new_database.test][create database `测试数据库`;] is executed failed
2022-06-06 18:16:29 ERROR Executor:82 - [EXPECT RESULT]:
null
2022-06-06 18:16:29 ERROR Executor:83 - [ACTUAL RESULT]:
The connection has been lost becuase of unknown reason.
2022-06-06 18:16:29 ERROR Executor:69 - No valid connnection,please check the config..
2022-06-06 18:16:29 ERROR Executor:71 - The connection has been lost,please check the logs .
2022-06-06 18:16:29 ERROR Executor:81 - [cases/database/new_database.test][create database test03 default character set utf8 collate utf8_general_ci encryption 'Y';] is executed failed
2022-06-06 18:16:29 ERROR Executor:82 - [EXPECT RESULT]:
null
2022-06-06 18:16:29 ERROR Executor:83 - [ACTUAL RESULT]:
The connection has been lost becuase of unknown reason.
2022-06-06 18:16:29 ERROR Executor:69 - No valid connnection,please check the config..
2022-06-06 18:16:29 ERROR Executor:71 - The connection has been lost,please check the logs .
2022-06-06 18:16:29 ERROR Executor:81 - [cases/database/new_database.test][create database test04 character set=utf8 collate=utf8_general_ci encryption='N';] is executed failed
2022-06-06 18:16:29 ERROR Executor:82 - [EXPECT RESULT]:
null
2022-06-06 18:16:29 ERROR Executor:83 - [ACTUAL RESULT]:
The connection has been lost becuase of unknown reason.
2022-06-06 18:16:29 ERROR Executor:69 - No valid connnection,please check the config..
2022-06-06 18:16:29 ERROR Executor:71 - The connection has been lost,please check the logs .
2022-06-06 18:16:29 ERROR Executor:81 - [cases/database/new_database.test][show databases;] is executed failed
2022-06-06 18:16:29 ERROR Executor:82 - [EXPECT RESULT]:
null
2022-06-06 18:16:29 ERROR Executor:83 - [ACTUAL RESULT]:
The connection has been lost becuase of unknown reason.
2022-06-06 18:16:29 ERROR Executor:69 - No valid connnection,please check the config..
2022-06-06 18:16:29 ERROR Executor:71 - The connection has been lost,please check the logs .
2022-06-06 18:16:29 ERROR Executor:81 - [cases/database/new_database.test][drop database if exists test01;] is executed failed
2022-06-06 18:16:29 ERROR Executor:82 - [EXPECT RESULT]:
null
2022-06-06 18:16:29 ERROR Executor:83 - [ACTUAL RESULT]:
The connection has been lost becuase of unknown reason.
2022-06-06 18:16:29 ERROR Executor:69 - No valid connnection,please check the config..
2022-06-06 18:16:29 ERROR Executor:71 - The connection has been lost,please check the logs .
2022-06-06 18:16:29 ERROR Executor:81 - [cases/database/new_database.test][drop database if exists test03;] is executed failed
2022-06-06 18:16:29 ERROR Executor:82 - [EXPECT RESULT]:
null
2022-06-06 18:16:29 ERROR Executor:83 - [ACTUAL RESULT]:
The connection has been lost becuase of unknown reason.
2022-06-06 18:16:29 ERROR Executor:69 - No valid connnection,please check the config..
2022-06-06 18:16:29 ERROR Executor:71 - The connection has been lost,please check the logs .
2022-06-06 18:16:29 ERROR Executor:81 - [cases/database/new_database.test][drop database if exists test04;] is executed failed
2022-06-06 18:16:29 ERROR Executor:82 - [EXPECT RESULT]:
null
2022-06-06 18:16:29 ERROR Executor:83 - [ACTUAL RESULT]:
The connection has been lost becuase of unknown reason.
2022-06-06 18:16:29 ERROR Executor:69 - No valid connnection,please check the config..
2022-06-06 18:16:29 ERROR Executor:71 - The connection has been lost,please check the logs .
2022-06-06 18:16:29 ERROR Executor:81 - [cases/database/new_database.test][drop database if exists test05;] is executed failed
2022-06-06 18:16:29 ERROR Executor:82 - [EXPECT RESULT]:
null
2022-06-06 18:16:29 ERROR Executor:83 - [ACTUAL RESULT]:
The connection has been lost becuase of unknown reason.
2022-06-06 18:16:29 ERROR Executor:69 - No valid connnection,please check the config..
2022-06-06 18:16:29 ERROR Executor:71 - The connection has been lost,please check the logs .
2022-06-06 18:16:29 ERROR Executor:81 - [cases/database/new_database.test][drop database if exists `测试数据库`;] is executed failed
2022-06-06 18:16:29 ERROR Executor:82 - [EXPECT RESULT]:
null
2022-06-06 18:16:29 ERROR Executor:83 - [ACTUAL RESULT]:
The connection has been lost becuase of unknown reason.
2022-06-06 18:16:29 ERROR Executor:69 - No valid connnection,please check the config..
2022-06-06 18:16:29 ERROR Executor:71 - The connection has been lost,please check the logs .
2022-06-06 18:16:29 ERROR Executor:81 - [cases/database/new_database.test][drop database if exists ABCDE;] is executed failed
2022-06-06 18:16:29 ERROR Executor:82 - [EXPECT RESULT]:
null
2022-06-06 18:16:29 ERROR Executor:83 - [ACTUAL RESULT]:
The connection has been lost becuase of unknown reason.
2022-06-06 18:16:29 ERROR Executor:69 - No valid connnection,please check the config..
2022-06-06 18:16:29 ERROR Executor:71 - The connection has been lost,please check the logs .
2022-06-06 18:16:29 ERROR Executor:81 - [cases/database/new_database.test][drop database if exists abcde;] is executed failed
2022-06-06 18:16:29 ERROR Executor:82 - [EXPECT RESULT]:
null
2022-06-06 18:16:29 ERROR Executor:83 - [ACTUAL RESULT]:
The connection has been lost becuase of unknown reason.
2022-06-06 18:16:29 ERROR Executor:69 - No valid connnection,please check the config..
2022-06-06 18:16:29 ERROR Executor:71 - The connection has been lost,please check the logs .
2022-06-06 18:16:29 ERROR Executor:81 - [cases/database/new_database.test][drop database if exists db_with_no_tables_and_an_unrelated_file_in_data_directory;] is executed failed
2022-06-06 18:16:29 ERROR Executor:82 - [EXPECT RESULT]:
null
2022-06-06 18:16:29 ERROR Executor:83 - [ACTUAL RESULT]:
The connection has been lost becuase of unknown reason.
2022-06-06 18:16:29 ERROR Executor:69 - No valid connnection,please check the config..
2022-06-06 18:16:29 ERROR Executor:71 - The connection has been lost,please check the logs .
2022-06-06 18:16:29 ERROR Executor:81 - [cases/database/new_database.test][create database ABCDE;] is executed failed
2022-06-06 18:16:29 ERROR Executor:82 - [EXPECT RESULT]:
null
2022-06-06 18:16:29 ERROR Executor:83 - [ACTUAL RESULT]:
The connection has been lost becuase of unknown reason.
2022-06-06 18:16:29 ERROR Executor:69 - No valid connnection,please check the config..
2022-06-06 18:16:29 ERROR Executor:71 - The connection has been lost,please check the logs .
2022-06-06 18:16:29 ERROR Executor:81 - [cases/database/new_database.test][create database abcde;] is executed failed
2022-06-06 18:16:29 ERROR Executor:82 - [EXPECT RESULT]:
null
2022-06-06 18:16:29 ERROR Executor:83 - [ACTUAL RESULT]:
The connection has been lost becuase of unknown reason.
2022-06-06 18:16:29 ERROR Executor:69 - No valid connnection,please check the config..
2022-06-06 18:16:29 ERROR Executor:71 - The connection has been lost,please check the logs .
2022-06-06 18:16:29 ERROR Executor:81 - [cases/database/new_database.test][create database db_with_no_tables_and_an_unrelated_file_in_data_directory;] is executed failed
2022-06-06 18:16:29 ERROR Executor:82 - [EXPECT RESULT]:
null
2022-06-06 18:16:29 ERROR Executor:83 - [ACTUAL RESULT]:
The connection has been lost becuase of unknown reason.
2022-06-06 18:16:29 ERROR Executor:69 - No valid connnection,please check the config..
2022-06-06 18:16:29 ERROR Executor:71 - The connection has been lost,please check the logs .
2022-06-06 18:16:29 ERROR Executor:81 - [cases/database/new_database.test][show databases;] is executed failed
2022-06-06 18:16:29 ERROR Executor:82 - [EXPECT RESULT]:
null
2022-06-06 18:16:29 ERROR Executor:83 - [ACTUAL RESULT]:
The connection has been lost becuase of unknown reason.
2022-06-06 18:16:29 ERROR Executor:69 - No valid connnection,please check the config..
2022-06-06 18:16:29 ERROR Executor:71 - The connection has been lost,please check the logs .
2022-06-06 18:16:29 ERROR Executor:81 - [cases/database/new_database.test][drop database ABCDE;] is executed failed
2022-06-06 18:16:29 ERROR Executor:82 - [EXPECT RESULT]:
null
2022-06-06 18:16:29 ERROR Executor:83 - [ACTUAL RESULT]:
The connection has been lost becuase of unknown reason.
2022-06-06 18:16:29 ERROR Executor:69 - No valid connnection,please check the config..
2022-06-06 18:16:29 ERROR Executor:71 - The connection has been lost,please check the logs .
2022-06-06 18:16:29 ERROR Executor:81 - [cases/database/new_database.test][drop database abcde;] is executed failed
2022-06-06 18:16:29 ERROR Executor:82 - [EXPECT RESULT]:
null
2022-06-06 18:16:29 ERROR Executor:83 - [ACTUAL RESULT]:
The connection has been lost becuase of unknown reason.
2022-06-06 18:16:29 ERROR Executor:69 - No valid connnection,please check the config..
2022-06-06 18:16:29 ERROR Executor:71 - The connection has been lost,please check the logs .
2022-06-06 18:16:29 ERROR Executor:81 - [cases/database/new_database.test][drop database db_with_no_tables_and_an_unrelated_file_in_data_directory;] is executed failed
2022-06-06 18:16:29 ERROR Executor:82 - [EXPECT RESULT]:
null
2022-06-06 18:16:29 ERROR Executor:83 - [ACTUAL RESULT]:
The connection has been lost becuase of unknown reason.
2022-06-06 18:16:29 INFO  Tester:54 - All the scripts in the path[cases/database] have been excuted.Now start to create the test report.
2022-06-06 18:16:29 INFO  TestReport:211 - [SUMMARY] TOTAL : 50, SUCCESS : 0, ERROR :0, NOEXE :50, SUCCESS RATE : 0%
2022-06-06 18:16:29 INFO  TestReport:216 - [cases/database/create_database.test] TOTAL : 19, SUCCESS : 0, ERROR :0, NOEXE :19, SUCCESS RATE : 0%
2022-06-06 18:16:29 INFO  TestReport:216 - [cases/database/drop_database.test] TOTAL : 5, SUCCESS : 0, ERROR :0, NOEXE :5, SUCCESS RATE : 0%
2022-06-06 18:16:29 INFO  TestReport:216 - [cases/database/new_database.test] TOTAL : 26, SUCCESS : 0, ERROR :0, NOEXE :26, SUCCESS RATE : 0%
2022-06-06 18:16:29 INFO  Tester:56 - The test report has been generated in files[report.txt,report.xml].
2022-06-06 18:16:29 ERROR Tester:59 - The execution success rate is 0%,and less than config value 100%,this test fail.
2022-06-06 18:17:07 INFO  Tester:52 - The method is [run],now start to run the scripts in the path[cases/database].
2022-06-06 18:17:07 INFO  Executor:25 - Now start to run the file[cases/database/create_database.test]....................................................
2022-06-06 18:17:07 ERROR Executor:46 - The mo-tester can not get valid conneciton from mo,will wait 30 seconds,and retry one time ...
2022-06-06 18:17:37 ERROR Executor:55 - The mo-tester still can not get valid conneciton from mo,the following cases wil not be executed!
2022-06-06 18:17:37 ERROR Executor:29 - No valid connnection,please check the config..
2022-06-06 18:17:37 ERROR Executor:69 - No valid connnection,please check the config..
2022-06-06 18:17:37 ERROR Executor:71 - The connection has been lost,please check the logs .
2022-06-06 18:17:37 ERROR Executor:81 - [cases/database/create_database.test][drop database if exists test01;] is executed failed
2022-06-06 18:17:37 ERROR Executor:82 - [EXPECT RESULT]:
null
2022-06-06 18:17:37 ERROR Executor:83 - [ACTUAL RESULT]:
The connection has been lost becuase of unknown reason.
2022-06-06 18:17:37 ERROR Executor:69 - No valid connnection,please check the config..
2022-06-06 18:17:37 ERROR Executor:71 - The connection has been lost,please check the logs .
2022-06-06 18:17:37 ERROR Executor:81 - [cases/database/create_database.test][drop database if exists test03;] is executed failed
2022-06-06 18:17:37 ERROR Executor:82 - [EXPECT RESULT]:
null
2022-06-06 18:17:37 ERROR Executor:83 - [ACTUAL RESULT]:
The connection has been lost becuase of unknown reason.
2022-06-06 18:17:37 ERROR Executor:69 - No valid connnection,please check the config..
2022-06-06 18:17:37 ERROR Executor:71 - The connection has been lost,please check the logs .
2022-06-06 18:17:37 ERROR Executor:81 - [cases/database/create_database.test][drop database if exists test04;] is executed failed
2022-06-06 18:17:37 ERROR Executor:82 - [EXPECT RESULT]:
null
2022-06-06 18:17:37 ERROR Executor:83 - [ACTUAL RESULT]:
The connection has been lost becuase of unknown reason.
2022-06-06 18:17:37 ERROR Executor:69 - No valid connnection,please check the config..
2022-06-06 18:17:37 ERROR Executor:71 - The connection has been lost,please check the logs .
2022-06-06 18:17:37 ERROR Executor:81 - [cases/database/create_database.test][drop database if exists test05;] is executed failed
2022-06-06 18:17:37 ERROR Executor:82 - [EXPECT RESULT]:
null
2022-06-06 18:17:37 ERROR Executor:83 - [ACTUAL RESULT]:
The connection has been lost becuase of unknown reason.
2022-06-06 18:17:37 ERROR Executor:69 - No valid connnection,please check the config..
2022-06-06 18:17:37 ERROR Executor:71 - The connection has been lost,please check the logs .
2022-06-06 18:17:37 ERROR Executor:81 - [cases/database/create_database.test][drop database if exists `测试数据库`;] is executed failed
2022-06-06 18:17:37 ERROR Executor:82 - [EXPECT RESULT]:
null
2022-06-06 18:17:37 ERROR Executor:83 - [ACTUAL RESULT]:
The connection has been lost becuase of unknown reason.
2022-06-06 18:17:37 ERROR Executor:69 - No valid connnection,please check the config..
2022-06-06 18:17:37 ERROR Executor:71 - The connection has been lost,please check the logs .
2022-06-06 18:17:37 ERROR Executor:81 - [cases/database/create_database.test][drop database if exists t01234567890123456789012345678901234567890123456789012345678901234567890123456789;] is executed failed
2022-06-06 18:17:37 ERROR Executor:82 - [EXPECT RESULT]:
null
2022-06-06 18:17:37 ERROR Executor:83 - [ACTUAL RESULT]:
The connection has been lost becuase of unknown reason.
2022-06-06 18:17:37 ERROR Executor:69 - No valid connnection,please check the config..
2022-06-06 18:17:37 ERROR Executor:71 - The connection has been lost,please check the logs .
2022-06-06 18:17:37 ERROR Executor:81 - [cases/database/create_database.test][create database test01;] is executed failed
2022-06-06 18:17:37 ERROR Executor:82 - [EXPECT RESULT]:
null
2022-06-06 18:17:37 ERROR Executor:83 - [ACTUAL RESULT]:
The connection has been lost becuase of unknown reason.
2022-06-06 18:17:37 ERROR Executor:69 - No valid connnection,please check the config..
2022-06-06 18:17:37 ERROR Executor:71 - The connection has been lost,please check the logs .
2022-06-06 18:17:37 ERROR Executor:81 - [cases/database/create_database.test][create database IF NOT EXISTS test01;] is executed failed
2022-06-06 18:17:37 ERROR Executor:82 - [EXPECT RESULT]:
null
2022-06-06 18:17:37 ERROR Executor:83 - [ACTUAL RESULT]:
The connection has been lost becuase of unknown reason.
2022-06-06 18:17:37 ERROR Executor:69 - No valid connnection,please check the config..
2022-06-06 18:17:37 ERROR Executor:71 - The connection has been lost,please check the logs .
2022-06-06 18:17:37 ERROR Executor:81 - [cases/database/create_database.test][create database `测试数据库`;] is executed failed
2022-06-06 18:17:37 ERROR Executor:82 - [EXPECT RESULT]:
null
2022-06-06 18:17:37 ERROR Executor:83 - [ACTUAL RESULT]:
The connection has been lost becuase of unknown reason.
2022-06-06 18:17:37 ERROR Executor:69 - No valid connnection,please check the config..
2022-06-06 18:17:37 ERROR Executor:71 - The connection has been lost,please check the logs .
2022-06-06 18:17:37 ERROR Executor:81 - [cases/database/create_database.test][create database test03 default character set utf8 collate utf8_general_ci encryption 'Y';] is executed failed
2022-06-06 18:17:37 ERROR Executor:82 - [EXPECT RESULT]:
null
2022-06-06 18:17:37 ERROR Executor:83 - [ACTUAL RESULT]:
The connection has been lost becuase of unknown reason.
2022-06-06 18:17:37 ERROR Executor:69 - No valid connnection,please check the config..
2022-06-06 18:17:37 ERROR Executor:71 - The connection has been lost,please check the logs .
2022-06-06 18:17:37 ERROR Executor:81 - [cases/database/create_database.test][create database test04 character set=utf8 collate=utf8_general_ci encryption='N';] is executed failed
2022-06-06 18:17:37 ERROR Executor:82 - [EXPECT RESULT]:
null
2022-06-06 18:17:37 ERROR Executor:83 - [ACTUAL RESULT]:
The connection has been lost becuase of unknown reason.
2022-06-06 18:17:37 ERROR Executor:69 - No valid connnection,please check the config..
2022-06-06 18:17:37 ERROR Executor:71 - The connection has been lost,please check the logs .
2022-06-06 18:17:37 ERROR Executor:81 - [cases/database/create_database.test][create database t01234567890123456789012345678901234567890123456789012345678901234567890123456789;] is executed failed
2022-06-06 18:17:37 ERROR Executor:82 - [EXPECT RESULT]:
null
2022-06-06 18:17:37 ERROR Executor:83 - [ACTUAL RESULT]:
The connection has been lost becuase of unknown reason.
2022-06-06 18:17:37 ERROR Executor:69 - No valid connnection,please check the config..
2022-06-06 18:17:37 ERROR Executor:71 - The connection has been lost,please check the logs .
2022-06-06 18:17:37 ERROR Executor:81 - [cases/database/create_database.test][show databases;] is executed failed
2022-06-06 18:17:37 ERROR Executor:82 - [EXPECT RESULT]:
null
2022-06-06 18:17:37 ERROR Executor:83 - [ACTUAL RESULT]:
The connection has been lost becuase of unknown reason.
2022-06-06 18:17:37 ERROR Executor:69 - No valid connnection,please check the config..
2022-06-06 18:17:37 ERROR Executor:71 - The connection has been lost,please check the logs .
2022-06-06 18:17:37 ERROR Executor:81 - [cases/database/create_database.test][drop database if exists test01;] is executed failed
2022-06-06 18:17:37 ERROR Executor:82 - [EXPECT RESULT]:
null
2022-06-06 18:17:37 ERROR Executor:83 - [ACTUAL RESULT]:
The connection has been lost becuase of unknown reason.
2022-06-06 18:17:37 ERROR Executor:69 - No valid connnection,please check the config..
2022-06-06 18:17:37 ERROR Executor:71 - The connection has been lost,please check the logs .
2022-06-06 18:17:37 ERROR Executor:81 - [cases/database/create_database.test][drop database if exists test03;] is executed failed
2022-06-06 18:17:37 ERROR Executor:82 - [EXPECT RESULT]:
null
2022-06-06 18:17:37 ERROR Executor:83 - [ACTUAL RESULT]:
The connection has been lost becuase of unknown reason.
2022-06-06 18:17:37 ERROR Executor:69 - No valid connnection,please check the config..
2022-06-06 18:17:37 ERROR Executor:71 - The connection has been lost,please check the logs .
2022-06-06 18:17:37 ERROR Executor:81 - [cases/database/create_database.test][drop database if exists test04;] is executed failed
2022-06-06 18:17:37 ERROR Executor:82 - [EXPECT RESULT]:
null
2022-06-06 18:17:37 ERROR Executor:83 - [ACTUAL RESULT]:
The connection has been lost becuase of unknown reason.
2022-06-06 18:17:37 ERROR Executor:69 - No valid connnection,please check the config..
2022-06-06 18:17:37 ERROR Executor:71 - The connection has been lost,please check the logs .
2022-06-06 18:17:37 ERROR Executor:81 - [cases/database/create_database.test][drop database if exists test05;] is executed failed
2022-06-06 18:17:37 ERROR Executor:82 - [EXPECT RESULT]:
null
2022-06-06 18:17:37 ERROR Executor:83 - [ACTUAL RESULT]:
The connection has been lost becuase of unknown reason.
2022-06-06 18:17:37 ERROR Executor:69 - No valid connnection,please check the config..
2022-06-06 18:17:37 ERROR Executor:71 - The connection has been lost,please check the logs .
2022-06-06 18:17:37 ERROR Executor:81 - [cases/database/create_database.test][drop database if exists `测试数据库`;] is executed failed
2022-06-06 18:17:37 ERROR Executor:82 - [EXPECT RESULT]:
null
2022-06-06 18:17:37 ERROR Executor:83 - [ACTUAL RESULT]:
The connection has been lost becuase of unknown reason.
2022-06-06 18:17:37 ERROR Executor:69 - No valid connnection,please check the config..
2022-06-06 18:17:37 ERROR Executor:71 - The connection has been lost,please check the logs .
2022-06-06 18:17:37 ERROR Executor:81 - [cases/database/create_database.test][drop database if exists t01234567890123456789012345678901234567890123456789012345678901234567890123456789;] is executed failed
2022-06-06 18:17:37 ERROR Executor:82 - [EXPECT RESULT]:
null
2022-06-06 18:17:37 ERROR Executor:83 - [ACTUAL RESULT]:
The connection has been lost becuase of unknown reason.
2022-06-06 18:17:37 INFO  Executor:25 - Now start to run the file[cases/database/drop_database.test]....................................................
2022-06-06 18:17:37 ERROR Executor:29 - No valid connnection,please check the config..
2022-06-06 18:17:37 ERROR Executor:69 - No valid connnection,please check the config..
2022-06-06 18:17:37 ERROR Executor:71 - The connection has been lost,please check the logs .
2022-06-06 18:17:37 ERROR Executor:81 - [cases/database/drop_database.test][drop database if exists test01;] is executed failed
2022-06-06 18:17:37 ERROR Executor:82 - [EXPECT RESULT]:
null
2022-06-06 18:17:37 ERROR Executor:83 - [ACTUAL RESULT]:
The connection has been lost becuase of unknown reason.
2022-06-06 18:17:37 ERROR Executor:69 - No valid connnection,please check the config..
2022-06-06 18:17:37 ERROR Executor:71 - The connection has been lost,please check the logs .
2022-06-06 18:17:37 ERROR Executor:81 - [cases/database/drop_database.test][drop database if exists drop_database;] is executed failed
2022-06-06 18:17:37 ERROR Executor:82 - [EXPECT RESULT]:
null
2022-06-06 18:17:37 ERROR Executor:83 - [ACTUAL RESULT]:
The connection has been lost becuase of unknown reason.
2022-06-06 18:17:37 ERROR Executor:69 - No valid connnection,please check the config..
2022-06-06 18:17:37 ERROR Executor:71 - The connection has been lost,please check the logs .
2022-06-06 18:17:37 ERROR Executor:81 - [cases/database/drop_database.test][create database test01;] is executed failed
2022-06-06 18:17:37 ERROR Executor:82 - [EXPECT RESULT]:
null
2022-06-06 18:17:37 ERROR Executor:83 - [ACTUAL RESULT]:
The connection has been lost becuase of unknown reason.
2022-06-06 18:17:37 ERROR Executor:69 - No valid connnection,please check the config..
2022-06-06 18:17:37 ERROR Executor:71 - The connection has been lost,please check the logs .
2022-06-06 18:17:37 ERROR Executor:81 - [cases/database/drop_database.test][drop database test01;] is executed failed
2022-06-06 18:17:37 ERROR Executor:82 - [EXPECT RESULT]:
null
2022-06-06 18:17:37 ERROR Executor:83 - [ACTUAL RESULT]:
The connection has been lost becuase of unknown reason.
2022-06-06 18:17:37 ERROR Executor:69 - No valid connnection,please check the config..
2022-06-06 18:17:37 ERROR Executor:71 - The connection has been lost,please check the logs .
2022-06-06 18:17:37 ERROR Executor:81 - [cases/database/drop_database.test][show databases;] is executed failed
2022-06-06 18:17:37 ERROR Executor:82 - [EXPECT RESULT]:
null
2022-06-06 18:17:37 ERROR Executor:83 - [ACTUAL RESULT]:
The connection has been lost becuase of unknown reason.
2022-06-06 18:17:37 INFO  Executor:25 - Now start to run the file[cases/database/new_database.test]....................................................
2022-06-06 18:17:37 ERROR Executor:29 - No valid connnection,please check the config..
2022-06-06 18:17:37 ERROR Executor:69 - No valid connnection,please check the config..
2022-06-06 18:17:37 ERROR Executor:71 - The connection has been lost,please check the logs .
2022-06-06 18:17:37 ERROR Executor:81 - [cases/database/new_database.test][drop database if exists test01;] is executed failed
2022-06-06 18:17:37 ERROR Executor:82 - [EXPECT RESULT]:
null
2022-06-06 18:17:37 ERROR Executor:83 - [ACTUAL RESULT]:
The connection has been lost becuase of unknown reason.
2022-06-06 18:17:37 ERROR Executor:69 - No valid connnection,please check the config..
2022-06-06 18:17:37 ERROR Executor:71 - The connection has been lost,please check the logs .
2022-06-06 18:17:37 ERROR Executor:81 - [cases/database/new_database.test][drop database if exists test03;] is executed failed
2022-06-06 18:17:37 ERROR Executor:82 - [EXPECT RESULT]:
null
2022-06-06 18:17:37 ERROR Executor:83 - [ACTUAL RESULT]:
The connection has been lost becuase of unknown reason.
2022-06-06 18:17:37 ERROR Executor:69 - No valid connnection,please check the config..
2022-06-06 18:17:37 ERROR Executor:71 - The connection has been lost,please check the logs .
2022-06-06 18:17:37 ERROR Executor:81 - [cases/database/new_database.test][drop database if exists test04;] is executed failed
2022-06-06 18:17:37 ERROR Executor:82 - [EXPECT RESULT]:
null
2022-06-06 18:17:37 ERROR Executor:83 - [ACTUAL RESULT]:
The connection has been lost becuase of unknown reason.
2022-06-06 18:17:37 ERROR Executor:69 - No valid connnection,please check the config..
2022-06-06 18:17:37 ERROR Executor:71 - The connection has been lost,please check the logs .
2022-06-06 18:17:37 ERROR Executor:81 - [cases/database/new_database.test][drop database if exists test05;] is executed failed
2022-06-06 18:17:37 ERROR Executor:82 - [EXPECT RESULT]:
null
2022-06-06 18:17:37 ERROR Executor:83 - [ACTUAL RESULT]:
The connection has been lost becuase of unknown reason.
2022-06-06 18:17:37 ERROR Executor:69 - No valid connnection,please check the config..
2022-06-06 18:17:37 ERROR Executor:71 - The connection has been lost,please check the logs .
2022-06-06 18:17:37 ERROR Executor:81 - [cases/database/new_database.test][drop database if exists `测试数据库`;] is executed failed
2022-06-06 18:17:37 ERROR Executor:82 - [EXPECT RESULT]:
null
2022-06-06 18:17:37 ERROR Executor:83 - [ACTUAL RESULT]:
The connection has been lost becuase of unknown reason.
2022-06-06 18:17:37 ERROR Executor:69 - No valid connnection,please check the config..
2022-06-06 18:17:37 ERROR Executor:71 - The connection has been lost,please check the logs .
2022-06-06 18:17:37 ERROR Executor:81 - [cases/database/new_database.test][create database test01;] is executed failed
2022-06-06 18:17:37 ERROR Executor:82 - [EXPECT RESULT]:
null
2022-06-06 18:17:37 ERROR Executor:83 - [ACTUAL RESULT]:
The connection has been lost becuase of unknown reason.
2022-06-06 18:17:37 ERROR Executor:69 - No valid connnection,please check the config..
2022-06-06 18:17:37 ERROR Executor:71 - The connection has been lost,please check the logs .
2022-06-06 18:17:37 ERROR Executor:81 - [cases/database/new_database.test][create database IF NOT EXISTS test01;] is executed failed
2022-06-06 18:17:37 ERROR Executor:82 - [EXPECT RESULT]:
null
2022-06-06 18:17:37 ERROR Executor:83 - [ACTUAL RESULT]:
The connection has been lost becuase of unknown reason.
2022-06-06 18:17:37 ERROR Executor:69 - No valid connnection,please check the config..
2022-06-06 18:17:37 ERROR Executor:71 - The connection has been lost,please check the logs .
2022-06-06 18:17:37 ERROR Executor:81 - [cases/database/new_database.test][create database `测试数据库`;] is executed failed
2022-06-06 18:17:37 ERROR Executor:82 - [EXPECT RESULT]:
null
2022-06-06 18:17:37 ERROR Executor:83 - [ACTUAL RESULT]:
The connection has been lost becuase of unknown reason.
2022-06-06 18:17:37 ERROR Executor:69 - No valid connnection,please check the config..
2022-06-06 18:17:37 ERROR Executor:71 - The connection has been lost,please check the logs .
2022-06-06 18:17:37 ERROR Executor:81 - [cases/database/new_database.test][create database test03 default character set utf8 collate utf8_general_ci encryption 'Y';] is executed failed
2022-06-06 18:17:37 ERROR Executor:82 - [EXPECT RESULT]:
null
2022-06-06 18:17:37 ERROR Executor:83 - [ACTUAL RESULT]:
The connection has been lost becuase of unknown reason.
2022-06-06 18:17:37 ERROR Executor:69 - No valid connnection,please check the config..
2022-06-06 18:17:37 ERROR Executor:71 - The connection has been lost,please check the logs .
2022-06-06 18:17:37 ERROR Executor:81 - [cases/database/new_database.test][create database test04 character set=utf8 collate=utf8_general_ci encryption='N';] is executed failed
2022-06-06 18:17:37 ERROR Executor:82 - [EXPECT RESULT]:
null
2022-06-06 18:17:37 ERROR Executor:83 - [ACTUAL RESULT]:
The connection has been lost becuase of unknown reason.
2022-06-06 18:17:37 ERROR Executor:69 - No valid connnection,please check the config..
2022-06-06 18:17:37 ERROR Executor:71 - The connection has been lost,please check the logs .
2022-06-06 18:17:37 ERROR Executor:81 - [cases/database/new_database.test][show databases;] is executed failed
2022-06-06 18:17:37 ERROR Executor:82 - [EXPECT RESULT]:
null
2022-06-06 18:17:37 ERROR Executor:83 - [ACTUAL RESULT]:
The connection has been lost becuase of unknown reason.
2022-06-06 18:17:37 ERROR Executor:69 - No valid connnection,please check the config..
2022-06-06 18:17:37 ERROR Executor:71 - The connection has been lost,please check the logs .
2022-06-06 18:17:37 ERROR Executor:81 - [cases/database/new_database.test][drop database if exists test01;] is executed failed
2022-06-06 18:17:37 ERROR Executor:82 - [EXPECT RESULT]:
null
2022-06-06 18:17:37 ERROR Executor:83 - [ACTUAL RESULT]:
The connection has been lost becuase of unknown reason.
2022-06-06 18:17:37 ERROR Executor:69 - No valid connnection,please check the config..
2022-06-06 18:17:37 ERROR Executor:71 - The connection has been lost,please check the logs .
2022-06-06 18:17:37 ERROR Executor:81 - [cases/database/new_database.test][drop database if exists test03;] is executed failed
2022-06-06 18:17:37 ERROR Executor:82 - [EXPECT RESULT]:
null
2022-06-06 18:17:37 ERROR Executor:83 - [ACTUAL RESULT]:
The connection has been lost becuase of unknown reason.
2022-06-06 18:17:37 ERROR Executor:69 - No valid connnection,please check the config..
2022-06-06 18:17:37 ERROR Executor:71 - The connection has been lost,please check the logs .
2022-06-06 18:17:37 ERROR Executor:81 - [cases/database/new_database.test][drop database if exists test04;] is executed failed
2022-06-06 18:17:37 ERROR Executor:82 - [EXPECT RESULT]:
null
2022-06-06 18:17:37 ERROR Executor:83 - [ACTUAL RESULT]:
The connection has been lost becuase of unknown reason.
2022-06-06 18:17:37 ERROR Executor:69 - No valid connnection,please check the config..
2022-06-06 18:17:37 ERROR Executor:71 - The connection has been lost,please check the logs .
2022-06-06 18:17:37 ERROR Executor:81 - [cases/database/new_database.test][drop database if exists test05;] is executed failed
2022-06-06 18:17:37 ERROR Executor:82 - [EXPECT RESULT]:
null
2022-06-06 18:17:37 ERROR Executor:83 - [ACTUAL RESULT]:
The connection has been lost becuase of unknown reason.
2022-06-06 18:17:37 ERROR Executor:69 - No valid connnection,please check the config..
2022-06-06 18:17:37 ERROR Executor:71 - The connection has been lost,please check the logs .
2022-06-06 18:17:37 ERROR Executor:81 - [cases/database/new_database.test][drop database if exists `测试数据库`;] is executed failed
2022-06-06 18:17:37 ERROR Executor:82 - [EXPECT RESULT]:
null
2022-06-06 18:17:37 ERROR Executor:83 - [ACTUAL RESULT]:
The connection has been lost becuase of unknown reason.
2022-06-06 18:17:37 ERROR Executor:69 - No valid connnection,please check the config..
2022-06-06 18:17:37 ERROR Executor:71 - The connection has been lost,please check the logs .
2022-06-06 18:17:37 ERROR Executor:81 - [cases/database/new_database.test][drop database if exists ABCDE;] is executed failed
2022-06-06 18:17:37 ERROR Executor:82 - [EXPECT RESULT]:
null
2022-06-06 18:17:37 ERROR Executor:83 - [ACTUAL RESULT]:
The connection has been lost becuase of unknown reason.
2022-06-06 18:17:37 ERROR Executor:69 - No valid connnection,please check the config..
2022-06-06 18:17:37 ERROR Executor:71 - The connection has been lost,please check the logs .
2022-06-06 18:17:37 ERROR Executor:81 - [cases/database/new_database.test][drop database if exists abcde;] is executed failed
2022-06-06 18:17:37 ERROR Executor:82 - [EXPECT RESULT]:
null
2022-06-06 18:17:37 ERROR Executor:83 - [ACTUAL RESULT]:
The connection has been lost becuase of unknown reason.
2022-06-06 18:17:37 ERROR Executor:69 - No valid connnection,please check the config..
2022-06-06 18:17:37 ERROR Executor:71 - The connection has been lost,please check the logs .
2022-06-06 18:17:37 ERROR Executor:81 - [cases/database/new_database.test][drop database if exists db_with_no_tables_and_an_unrelated_file_in_data_directory;] is executed failed
2022-06-06 18:17:37 ERROR Executor:82 - [EXPECT RESULT]:
null
2022-06-06 18:17:37 ERROR Executor:83 - [ACTUAL RESULT]:
The connection has been lost becuase of unknown reason.
2022-06-06 18:17:37 ERROR Executor:69 - No valid connnection,please check the config..
2022-06-06 18:17:37 ERROR Executor:71 - The connection has been lost,please check the logs .
2022-06-06 18:17:37 ERROR Executor:81 - [cases/database/new_database.test][create database ABCDE;] is executed failed
2022-06-06 18:17:37 ERROR Executor:82 - [EXPECT RESULT]:
null
2022-06-06 18:17:37 ERROR Executor:83 - [ACTUAL RESULT]:
The connection has been lost becuase of unknown reason.
2022-06-06 18:17:37 ERROR Executor:69 - No valid connnection,please check the config..
2022-06-06 18:17:37 ERROR Executor:71 - The connection has been lost,please check the logs .
2022-06-06 18:17:37 ERROR Executor:81 - [cases/database/new_database.test][create database abcde;] is executed failed
2022-06-06 18:17:37 ERROR Executor:82 - [EXPECT RESULT]:
null
2022-06-06 18:17:37 ERROR Executor:83 - [ACTUAL RESULT]:
The connection has been lost becuase of unknown reason.
2022-06-06 18:17:37 ERROR Executor:69 - No valid connnection,please check the config..
2022-06-06 18:17:37 ERROR Executor:71 - The connection has been lost,please check the logs .
2022-06-06 18:17:37 ERROR Executor:81 - [cases/database/new_database.test][create database db_with_no_tables_and_an_unrelated_file_in_data_directory;] is executed failed
2022-06-06 18:17:37 ERROR Executor:82 - [EXPECT RESULT]:
null
2022-06-06 18:17:37 ERROR Executor:83 - [ACTUAL RESULT]:
The connection has been lost becuase of unknown reason.
2022-06-06 18:17:37 ERROR Executor:69 - No valid connnection,please check the config..
2022-06-06 18:17:37 ERROR Executor:71 - The connection has been lost,please check the logs .
2022-06-06 18:17:37 ERROR Executor:81 - [cases/database/new_database.test][show databases;] is executed failed
2022-06-06 18:17:37 ERROR Executor:82 - [EXPECT RESULT]:
null
2022-06-06 18:17:37 ERROR Executor:83 - [ACTUAL RESULT]:
The connection has been lost becuase of unknown reason.
2022-06-06 18:17:37 ERROR Executor:69 - No valid connnection,please check the config..
2022-06-06 18:17:37 ERROR Executor:71 - The connection has been lost,please check the logs .
2022-06-06 18:17:37 ERROR Executor:81 - [cases/database/new_database.test][drop database ABCDE;] is executed failed
2022-06-06 18:17:37 ERROR Executor:82 - [EXPECT RESULT]:
null
2022-06-06 18:17:37 ERROR Executor:83 - [ACTUAL RESULT]:
The connection has been lost becuase of unknown reason.
2022-06-06 18:17:37 ERROR Executor:69 - No valid connnection,please check the config..
2022-06-06 18:17:37 ERROR Executor:71 - The connection has been lost,please check the logs .
2022-06-06 18:17:37 ERROR Executor:81 - [cases/database/new_database.test][drop database abcde;] is executed failed
2022-06-06 18:17:37 ERROR Executor:82 - [EXPECT RESULT]:
null
2022-06-06 18:17:37 ERROR Executor:83 - [ACTUAL RESULT]:
The connection has been lost becuase of unknown reason.
2022-06-06 18:17:37 ERROR Executor:69 - No valid connnection,please check the config..
2022-06-06 18:17:37 ERROR Executor:71 - The connection has been lost,please check the logs .
2022-06-06 18:17:37 ERROR Executor:81 - [cases/database/new_database.test][drop database db_with_no_tables_and_an_unrelated_file_in_data_directory;] is executed failed
2022-06-06 18:17:37 ERROR Executor:82 - [EXPECT RESULT]:
null
2022-06-06 18:17:37 ERROR Executor:83 - [ACTUAL RESULT]:
The connection has been lost becuase of unknown reason.
2022-06-06 18:17:37 INFO  Tester:54 - All the scripts in the path[cases/database] have been excuted.Now start to create the test report.
2022-06-06 18:17:37 INFO  TestReport:211 - [SUMMARY] TOTAL : 50, SUCCESS : 0, ERROR :0, NOEXE :50, SUCCESS RATE : 0%
2022-06-06 18:17:37 INFO  TestReport:216 - [cases/database/create_database.test] TOTAL : 19, SUCCESS : 0, ERROR :0, NOEXE :19, SUCCESS RATE : 0%
2022-06-06 18:17:37 INFO  TestReport:216 - [cases/database/drop_database.test] TOTAL : 5, SUCCESS : 0, ERROR :0, NOEXE :5, SUCCESS RATE : 0%
2022-06-06 18:17:37 INFO  TestReport:216 - [cases/database/new_database.test] TOTAL : 26, SUCCESS : 0, ERROR :0, NOEXE :26, SUCCESS RATE : 0%
2022-06-06 18:17:37 INFO  Tester:56 - The test report has been generated in files[report.txt,report.xml].
2022-06-06 18:17:37 ERROR Tester:59 - The execution success rate is 0%,and less than config value 100%,this test fail.
